<?xml version="1.0" encoding="UTF-8"?>
<!-- Generated by org.testng.reporters.JUnitReportReporter -->
<testsuite skipped="0" hostname="Nish" name="Scripts.n1" tests="2" failures="0" timestamp="17 Dec 2019 03:18:44 GMT" time="165.334" errors="0">
  <testcase name="loginscript" time="77.999" classname="Scripts.n1"/>
  <testcase name="loginscript" time="87.335" classname="Scripts.n1"/>
</testsuite> <!-- Scripts.n1 -->
