<?xml version="1.0" encoding="UTF-8"?>
<!-- Generated by org.testng.reporters.JUnitReportReporter -->
<testsuite skipped="0" hostname="Nish" name="Scripts.n2" tests="2" failures="0" timestamp="17 Dec 2019 03:18:44 GMT" time="456.200" errors="0">
  <testcase name="logoutscript" time="227.008" classname="Scripts.n2"/>
  <testcase name="logoutscript" time="229.192" classname="Scripts.n2"/>
</testsuite> <!-- Scripts.n2 -->
